<?xml version="1.0" encoding="utf-8"?><testsuites name="pytest tests"><testsuite name="pytest" errors="0" failures="0" skipped="0" tests="40" time="6.762" timestamp="2026-02-08T04:42:01.090619+00:00" hostname="agent-env-27da9b10-5694-4efa-94ae-91972745834f"><testcase classname="backend.tests.test_admin_api.TestAdminAuth" name="test_admin_login_success" time="0.278" /><testcase classname="backend.tests.test_admin_api.TestAdminAuth" name="test_admin_login_invalid_username" time="0.041" /><testcase classname="backend.tests.test_admin_api.TestAdminAuth" name="test_admin_login_invalid_password" time="0.260" /><testcase classname="backend.tests.test_admin_api.TestAdminDashboard" name="test_dashboard_stats_endpoint" time="0.311" /><testcase classname="backend.tests.test_admin_api.TestAdminDashboard" name="test_dashboard_stats_unauthorized" time="0.038" /><testcase classname="backend.tests.test_admin_api.TestAdminSoldItems" name="test_sold_items_endpoint" time="0.295" /><testcase classname="backend.tests.test_admin_api.TestAdminSoldItems" name="test_sold_items_unauthorized" time="0.038" /><testcase classname="backend.tests.test_admin_api.TestAdminSettings" name="test_get_settings" time="0.304" /><testcase classname="backend.tests.test_admin_api.TestAdminSettings" name="test_update_settings" time="0.373" /><testcase classname="backend.tests.test_admin_api.TestAdminSettings" name="test_email_test_connection" time="0.302" /><testcase classname="backend.tests.test_admin_api.TestAdminProducts" name="test_get_products" time="0.298" /><testcase classname="backend.tests.test_admin_api.TestAdminProducts" name="test_create_and_delete_product" time="0.334" /><testcase classname="backend.tests.test_admin_api.TestAdminGallery" name="test_get_gallery" time="0.297" /><testcase classname="backend.tests.test_admin_api.TestAdminGallery" name="test_create_and_delete_gallery_item" time="0.333" /><testcase classname="backend.tests.test_admin_api.TestAdminInquiries" name="test_get_bookings" time="0.303" /><testcase classname="backend.tests.test_admin_api.TestAdminInquiries" name="test_get_product_inquiries" time="0.339" /><testcase classname="backend.tests.test_admin_api.TestAdminInquiries" name="test_get_sell_inquiries" time="0.290" /><testcase classname="backend.tests.test_admin_api.TestAdminInquiries" name="test_get_nyp_inquiries" time="0.295" /><testcase classname="backend.tests.test_admin_api.TestAdminInquiries" name="test_get_orders" time="0.303" /><testcase classname="backend.tests.test_admin_api.TestAdminInquiries" name="test_get_users" time="0.299" /><testcase classname="backend.tests.test_data_archives.TestSeedTestData" name="test_seed_test_data_creates_items" time="0.339" /><testcase classname="backend.tests.test_data_archives.TestSeedTestData" name="test_seed_test_data_unauthorized" time="0.036" /><testcase classname="backend.tests.test_data_archives.TestArchivedDataEndpoints" name="test_get_archived_sold" time="0.037" /><testcase classname="backend.tests.test_data_archives.TestArchivedDataEndpoints" name="test_get_archived_inquiries" time="0.035" /><testcase classname="backend.tests.test_data_archives.TestArchivedDataEndpoints" name="test_get_archived_bookings" time="0.036" /><testcase classname="backend.tests.test_data_archives.TestArchivedDataEndpoints" name="test_get_archived_gallery" time="0.038" /><testcase classname="backend.tests.test_data_archives.TestArchivedDataEndpoints" name="test_get_archived_products" time="0.037" /><testcase classname="backend.tests.test_data_archives.TestArchivedDataEndpoints" name="test_get_archived_all" time="0.040" /><testcase classname="backend.tests.test_data_archives.TestArchivedDataEndpoints" name="test_archived_endpoints_unauthorized" time="0.225" /><testcase classname="backend.tests.test_data_archives.TestArchiveRunProcess" name="test_run_archive_process" time="0.040" /><testcase classname="backend.tests.test_data_archives.TestArchiveRunProcess" name="test_run_archive_unauthorized" time="0.038" /><testcase classname="backend.tests.test_data_archives.TestAnalyticsSettings" name="test_analytics_test_connection_google" time="0.041" /><testcase classname="backend.tests.test_data_archives.TestAnalyticsSettings" name="test_analytics_test_connection_plausible" time="0.036" /><testcase classname="backend.tests.test_data_archives.TestAnalyticsSettings" name="test_analytics_test_connection_invalid_tracking_id" time="0.036" /><testcase classname="backend.tests.test_data_archives.TestAnalyticsSettings" name="test_analytics_test_connection_unknown_provider" time="0.036" /><testcase classname="backend.tests.test_data_archives.TestAnalyticsSettings" name="test_analytics_settings_update" time="0.119" /><testcase classname="backend.tests.test_data_archives.TestSoldItemsWithInvoice" name="test_sold_items_have_invoice_fields" time="0.039" /><testcase classname="backend.tests.test_data_archives.TestSoldItemsWithInvoice" name="test_update_sold_item_tracking" time="0.069" /><testcase classname="backend.tests.test_data_archives.TestNameYourPriceInquiries" name="test_nyp_inquiries_have_product_info" time="0.039" /><testcase classname="backend.tests.test_data_archives.TestDashboardStatsWithNewData" name="test_dashboard_stats_counts" time="0.042" /></testsuite></testsuites>