<?xml version="1.0" encoding="utf-8"?><testsuites name="pytest tests"><testsuite name="pytest" errors="0" failures="0" skipped="0" tests="9" time="1.661" timestamp="2026-02-10T21:08:01.508998+00:00" hostname="agent-env-2a31403d-028e-4397-83f9-a6ab5abb8fdd"><testcase classname="backend.tests.test_sold_lifecycle_v2.TestOrderCreation" name="test_order_has_pending_status" time="0.697" /><testcase classname="backend.tests.test_sold_lifecycle_v2.TestOrderCreation" name="test_order_has_commit_expires_at" time="0.000" /><testcase classname="backend.tests.test_sold_lifecycle_v2.TestOrderCreation" name="test_order_paid_at_is_null" time="0.000" /><testcase classname="backend.tests.test_sold_lifecycle_v2.TestOrderCreation" name="test_product_not_marked_sold_after_order" time="0.037" /><testcase classname="backend.tests.test_sold_lifecycle_v2.TestMarkPaid" name="test_mark_paid_success" time="0.246" /><testcase classname="backend.tests.test_sold_lifecycle_v2.TestMarkPaid" name="test_mark_paid_rejects_already_paid" time="0.244" /><testcase classname="backend.tests.test_sold_lifecycle_v2.TestCheckoutSession" name="test_checkout_session_returns_not_configured" time="0.039" /><testcase classname="backend.tests.test_sold_lifecycle_v2.TestCheckoutSession" name="test_checkout_session_rejects_paid_order_when_stripe_enabled" time="0.244" /><testcase classname="backend.tests.test_sold_lifecycle_v2.TestInvoicePDF" name="test_invoice_returns_pdf" time="0.088" /></testsuite></testsuites>