<?xml version="1.0" encoding="utf-8"?><testsuites name="pytest tests"><testsuite name="pytest" errors="0" failures="0" skipped="0" tests="8" time="2.768" timestamp="2026-02-10T19:33:55.918095+00:00" hostname="agent-env-2a31403d-028e-4397-83f9-a6ab5abb8fdd"><testcase classname="backend.tests.test_admin_users_show_deleted.TestAdminUsersShowDeleted" name="test_get_users_without_include_deleted_returns_only_non_deleted" time="0.387" /><testcase classname="backend.tests.test_admin_users_show_deleted.TestAdminUsersShowDeleted" name="test_get_users_with_include_deleted_true_returns_all_users" time="0.330" /><testcase classname="backend.tests.test_admin_users_show_deleted.TestAdminUsersShowDeleted" name="test_include_deleted_false_same_as_default" time="0.352" /><testcase classname="backend.tests.test_admin_users_show_deleted.TestAdminUsersShowDeleted" name="test_users_count_difference_with_toggle" time="0.376" /><testcase classname="backend.tests.test_admin_users_show_deleted.TestAdminUsersShowDeleted" name="test_deleted_users_have_required_fields" time="0.318" /><testcase classname="backend.tests.test_admin_users_show_deleted.TestAdminUsersShowDeleted" name="test_user_response_structure_includes_summary_data" time="0.303" /><testcase classname="backend.tests.test_admin_users_show_deleted.TestAdminUsersShowDeleted" name="test_unauthenticated_request_fails" time="0.343" /><testcase classname="backend.tests.test_admin_users_show_deleted.TestAdminUsersShowDeleted" name="test_invalid_token_fails" time="0.298" /></testsuite></testsuites>