<?xml version="1.0" encoding="utf-8"?><testsuites name="pytest tests"><testsuite name="pytest" errors="0" failures="0" skipped="0" tests="8" time="1.463" timestamp="2026-02-10T19:57:16.459847+00:00" hostname="agent-env-2a31403d-028e-4397-83f9-a6ab5abb8fdd"><testcase classname="backend.tests.test_sold_lifecycle.TestAdminSoldToggle" name="test_mark_product_as_sold" time="0.407" /><testcase classname="backend.tests.test_sold_lifecycle.TestAdminSoldToggle" name="test_mark_product_as_unsold" time="0.054" /><testcase classname="backend.tests.test_sold_lifecycle.TestPublicProductsFiltering" name="test_sold_item_hidden_from_public_list" time="0.086" /><testcase classname="backend.tests.test_sold_lifecycle.TestPublicProductsFiltering" name="test_sold_item_accessible_via_direct_url" time="0.040" /><testcase classname="backend.tests.test_sold_lifecycle.TestCartBlocking" name="test_cart_add_rejects_sold_items" time="0.402" /><testcase classname="backend.tests.test_sold_lifecycle.TestNameYourPriceBlocking" name="test_nyp_rejects_sold_items" time="0.115" /><testcase classname="backend.tests.test_sold_lifecycle.TestAutoSoldOnOrder" name="test_order_marks_products_as_sold" time="0.256" /><testcase classname="backend.tests.test_sold_lifecycle.TestCleanup" name="test_reset_first_product_to_unsold" time="0.040" /></testsuite></testsuites>