<?xml version="1.0" encoding="utf-8"?><testsuites name="pytest tests"><testsuite name="pytest" errors="0" failures="0" skipped="0" tests="29" time="3.417" timestamp="2026-02-10T18:32:05.500535+00:00" hostname="agent-env-934d7e8a-337e-4a6f-9603-c2b004418b4a"><testcase classname="tests.test_predeployment_critical_path.TestA1AdminLogin" name="test_admin_login_success" time="0.315" /><testcase classname="tests.test_predeployment_critical_path.TestA1AdminLogin" name="test_admin_login_invalid_credentials" time="0.043" /><testcase classname="tests.test_predeployment_critical_path.TestA1AdminLogin" name="test_admin_verify_token" time="0.049" /><testcase classname="tests.test_predeployment_critical_path.TestA2ProductsCRUD" name="test_admin_create_product" time="0.047" /><testcase classname="tests.test_predeployment_critical_path.TestA2ProductsCRUD" name="test_product_appears_in_admin_list" time="0.038" /><testcase classname="tests.test_predeployment_critical_path.TestA2ProductsCRUD" name="test_product_appears_in_public_shop" time="0.548" /><testcase classname="tests.test_predeployment_critical_path.TestA3GalleryCRUD" name="test_admin_create_gallery_item" time="0.045" /><testcase classname="tests.test_predeployment_critical_path.TestA3GalleryCRUD" name="test_gallery_appears_in_admin_list" time="0.049" /><testcase classname="tests.test_predeployment_critical_path.TestA3GalleryCRUD" name="test_gallery_appears_in_public_gallery" time="0.544" /><testcase classname="tests.test_predeployment_critical_path.TestA3GalleryCRUD" name="test_gallery_category_filter" time="0.041" /><testcase classname="tests.test_predeployment_critical_path.TestA4AdminSettings" name="test_admin_get_settings" time="0.078" /><testcase classname="tests.test_predeployment_critical_path.TestA4AdminSettings" name="test_admin_save_settings_no_changes" time="0.042" /><testcase classname="tests.test_predeployment_critical_path.TestA4AdminSettings" name="test_admin_settings_persist_after_read" time="0.042" /><testcase classname="tests.test_predeployment_critical_path.TestB1UserSignupLogin" name="test_user_signup" time="0.273" /><testcase classname="tests.test_predeployment_critical_path.TestB1UserSignupLogin" name="test_user_token_valid" time="0.080" /><testcase classname="tests.test_predeployment_critical_path.TestB1UserSignupLogin" name="test_user_login_after_signup" time="0.264" /><testcase classname="tests.test_predeployment_critical_path.TestB2AccountPersistence" name="test_user_remains_authenticated" time="0.041" /><testcase classname="tests.test_predeployment_critical_path.TestB2AccountPersistence" name="test_user_can_access_protected_resources" time="0.039" /><testcase classname="tests.test_predeployment_critical_path.TestB3Logout" name="test_protected_endpoint_requires_auth" time="0.042" /><testcase classname="tests.test_predeployment_critical_path.TestB3Logout" name="test_invalid_token_rejected" time="0.040" /><testcase classname="tests.test_predeployment_critical_path.TestC1CORSVerification" name="test_cors_headers_on_products" time="0.038" /><testcase classname="tests.test_predeployment_critical_path.TestC1CORSVerification" name="test_cors_headers_on_gallery" time="0.053" /><testcase classname="tests.test_predeployment_critical_path.TestC1CORSVerification" name="test_actual_get_with_origin_header" time="0.043" /><testcase classname="tests.test_predeployment_critical_path.TestD1PersistenceVerification" name="test_product_persists_after_api_call" time="0.042" /><testcase classname="tests.test_predeployment_critical_path.TestD1PersistenceVerification" name="test_gallery_persists_after_api_call" time="0.044" /><testcase classname="tests.test_predeployment_critical_path.TestD1PersistenceVerification" name="test_health_endpoint" time="0.041" /><testcase classname="tests.test_predeployment_critical_path.TestD1PersistenceVerification" name="test_user_persists" time="0.265" /><testcase classname="tests.test_predeployment_critical_path.TestCleanup" name="test_cleanup_test_product" time="0.046" /><testcase classname="tests.test_predeployment_critical_path.TestCleanup" name="test_cleanup_test_gallery" time="0.040" /></testsuite></testsuites>