<?xml version="1.0" encoding="utf-8"?><testsuites name="pytest tests"><testsuite name="pytest" errors="0" failures="0" skipped="0" tests="7" time="6.180" timestamp="2026-02-12T21:52:14.973996+00:00" hostname="agent-env-159516f6-3f58-4c15-94d6-de73ec13dbee"><testcase classname="tests.test_admin_message_notifications.TestAdminMessageNotifications" name="test_unread_counts_endpoint_exists" time="0.943" /><testcase classname="tests.test_admin_message_notifications.TestAdminMessageNotifications" name="test_unread_counts_requires_auth" time="0.811" /><testcase classname="tests.test_admin_message_notifications.TestAdminMessageNotifications" name="test_mark_read_endpoint_exists" time="0.816" /><testcase classname="tests.test_admin_message_notifications.TestAdminMessageNotifications" name="test_mark_read_requires_auth" time="0.844" /><testcase classname="tests.test_admin_message_notifications.TestAdminMessageNotifications" name="test_user_sends_message_increases_unread_count" time="0.933" /><testcase classname="tests.test_admin_message_notifications.TestAdminMessageNotifications" name="test_mark_read_decreases_unread_count" time="0.927" /><testcase classname="tests.test_admin_message_notifications.TestAdminMessageNotifications" name="test_per_user_counts_structure" time="0.804" /></testsuite></testsuites>