<?xml version="1.0" encoding="utf-8"?><testsuites name="pytest tests"><testsuite name="pytest" errors="5" failures="0" skipped="0" tests="9" time="2.504" timestamp="2026-02-10T21:45:21.961361+00:00" hostname="agent-env-2a31403d-028e-4397-83f9-a6ab5abb8fdd"><testcase classname="backend.tests.test_product_order_soft_delete.TestProductSoftDelete" name="test_soft_delete_unreferenced_product" time="0.497" /><testcase classname="backend.tests.test_product_order_soft_delete.TestProductSoftDelete" name="test_soft_delete_referenced_product_returns_correct_message" time="0.357"><error message="failed on setup with &quot;AssertionError: Create order failed: {&quot;detail&quot;:&quot;Cart is empty&quot;}&#10;assert 400 in [200, 201]&#10; +  where 400 = &lt;Response [400]&gt;.status_code&quot;">backend/tests/test_product_order_soft_delete.py:105: in product_with_order
    assert response.status_code in [200, 201], f"Create order failed: {response.text}"
E   AssertionError: Create order failed: {"detail":"Cart is empty"}
E   assert 400 in [200, 201]
E    +  where 400 = &lt;Response [400]&gt;.status_code</error></testcase><testcase classname="backend.tests.test_product_order_soft_delete.TestProductSoftDelete" name="test_hard_delete_referenced_product_returns_409" time="0.094"><error message="failed on setup with &quot;AssertionError: Create order failed: {&quot;detail&quot;:&quot;Cart is empty&quot;}&#10;assert 400 in [200, 201]&#10; +  where 400 = &lt;Response [400]&gt;.status_code&quot;">backend/tests/test_product_order_soft_delete.py:105: in product_with_order
    assert response.status_code in [200, 201], f"Create order failed: {response.text}"
E   AssertionError: Create order failed: {"detail":"Cart is empty"}
E   assert 400 in [200, 201]
E    +  where 400 = &lt;Response [400]&gt;.status_code</error></testcase><testcase classname="backend.tests.test_product_order_soft_delete.TestProductSoftDelete" name="test_restore_product" time="0.228" /><testcase classname="backend.tests.test_product_order_soft_delete.TestProductSoftDelete" name="test_include_deleted_returns_deleted_products" time="0.216" /><testcase classname="backend.tests.test_product_order_soft_delete.TestProductSoftDelete" name="test_public_products_excludes_deleted" time="0.160" /><testcase classname="backend.tests.test_product_order_soft_delete.TestOrderSoftDelete" name="test_delete_unpaid_pending_order_succeeds" time="0.645"><error message="failed on setup with &quot;AssertionError: Create order failed: {&quot;detail&quot;:&quot;Cart is empty&quot;}&#10;assert 400 in [200, 201]&#10; +  where 400 = &lt;Response [400]&gt;.status_code&quot;">backend/tests/test_product_order_soft_delete.py:275: in unpaid_order
    assert response.status_code in [200, 201], f"Create order failed: {response.text}"
E   AssertionError: Create order failed: {"detail":"Cart is empty"}
E   assert 400 in [200, 201]
E    +  where 400 = &lt;Response [400]&gt;.status_code</error></testcase><testcase classname="backend.tests.test_product_order_soft_delete.TestOrderSoftDelete" name="test_delete_paid_order_returns_400" time="0.078"><error message="failed on setup with &quot;assert 400 in [200, 201]&#10; +  where 400 = &lt;Response [400]&gt;.status_code&quot;">backend/tests/test_product_order_soft_delete.py:304: in paid_order
    assert response.status_code in [200, 201]
E   assert 400 in [200, 201]
E    +  where 400 = &lt;Response [400]&gt;.status_code</error></testcase><testcase classname="backend.tests.test_product_order_soft_delete.TestOrderSoftDelete" name="test_restore_deleted_order" time="0.077"><error message="failed on setup with &quot;AssertionError: Create order failed: {&quot;detail&quot;:&quot;Cart is empty&quot;}&#10;assert 400 in [200, 201]&#10; +  where 400 = &lt;Response [400]&gt;.status_code&quot;">backend/tests/test_product_order_soft_delete.py:275: in unpaid_order
    assert response.status_code in [200, 201], f"Create order failed: {response.text}"
E   AssertionError: Create order failed: {"detail":"Cart is empty"}
E   assert 400 in [200, 201]
E    +  where 400 = &lt;Response [400]&gt;.status_code</error></testcase></testsuite></testsuites>