<?xml version="1.0" encoding="utf-8"?><testsuites name="pytest tests"><testsuite name="pytest" errors="0" failures="1" skipped="0" tests="9" time="1.671" timestamp="2026-02-10T21:07:30.010280+00:00" hostname="agent-env-2a31403d-028e-4397-83f9-a6ab5abb8fdd"><testcase classname="backend.tests.test_sold_lifecycle_v2.TestOrderCreation" name="test_order_has_pending_status" time="0.732" /><testcase classname="backend.tests.test_sold_lifecycle_v2.TestOrderCreation" name="test_order_has_commit_expires_at" time="0.000" /><testcase classname="backend.tests.test_sold_lifecycle_v2.TestOrderCreation" name="test_order_paid_at_is_null" time="0.000" /><testcase classname="backend.tests.test_sold_lifecycle_v2.TestOrderCreation" name="test_product_not_marked_sold_after_order" time="0.044" /><testcase classname="backend.tests.test_sold_lifecycle_v2.TestMarkPaid" name="test_mark_paid_success" time="0.234" /><testcase classname="backend.tests.test_sold_lifecycle_v2.TestMarkPaid" name="test_mark_paid_rejects_already_paid" time="0.239" /><testcase classname="backend.tests.test_sold_lifecycle_v2.TestCheckoutSession" name="test_checkout_session_returns_not_configured" time="0.042" /><testcase classname="backend.tests.test_sold_lifecycle_v2.TestCheckoutSession" name="test_checkout_session_rejects_paid_order" time="0.207"><failure message="AssertionError: Expected 400 for already-paid order, got 200&#10;assert 200 == 400&#10; +  where 200 = &lt;Response [200]&gt;.status_code">backend/tests/test_sold_lifecycle_v2.py:320: in test_checkout_session_rejects_paid_order
    assert resp.status_code == 400, f"Expected 400 for already-paid order, got {resp.status_code}"
E   AssertionError: Expected 400 for already-paid order, got 200
E   assert 200 == 400
E    +  where 200 = &lt;Response [200]&gt;.status_code</failure></testcase><testcase classname="backend.tests.test_sold_lifecycle_v2.TestInvoicePDF" name="test_invoice_returns_pdf" time="0.081" /></testsuite></testsuites>