<?xml version="1.0" encoding="utf-8"?><testsuites name="pytest tests"><testsuite name="pytest" errors="0" failures="0" skipped="0" tests="9" time="1.226" timestamp="2026-02-10T19:46:32.502815+00:00" hostname="agent-env-2a31403d-028e-4397-83f9-a6ab5abb8fdd"><testcase classname="tests.test_admin_override.TestAdminOverrideBackend" name="test_enable_override_with_note" time="0.350" /><testcase classname="tests.test_admin_override.TestAdminOverrideBackend" name="test_user_entitlements_when_override_on" time="0.321" /><testcase classname="tests.test_admin_override.TestAdminOverrideBackend" name="test_disable_override" time="0.041" /><testcase classname="tests.test_admin_override.TestAdminOverrideBackend" name="test_user_entitlements_when_override_off" time="0.039" /><testcase classname="tests.test_admin_override.TestAdminOverrideBackend" name="test_override_persistence" time="0.212" /><testcase classname="tests.test_admin_override.TestAdminOverrideBackend" name="test_admin_users_includes_override_fields" time="0.077" /><testcase classname="tests.test_admin_override.TestAdminOverrideBackend" name="test_unauthenticated_override_fails" time="0.038" /><testcase classname="tests.test_admin_override.TestAdminOverrideBackend" name="test_non_admin_override_fails" time="0.041" /><testcase classname="tests.test_admin_override.TestOverrideCleanup" name="test_cleanup_disable_override" time="0.039" /></testsuite></testsuites>