<?xml version="1.0" encoding="utf-8"?><testsuites name="pytest tests"><testsuite name="pytest" errors="0" failures="0" skipped="0" tests="11" time="5.189" timestamp="2026-02-09T04:09:44.984637+00:00" hostname="agent-env-a8f3e1d4-7a5d-4f36-89d8-86e0a8c121d9"><testcase classname="backend.tests.test_cache_revalidation_and_integrity.TestProductDeletionIntegrity" name="test_product_deletion_success_when_not_in_cart_or_orders" time="0.713" /><testcase classname="backend.tests.test_cache_revalidation_and_integrity.TestProductDeletionIntegrity" name="test_product_deletion_blocked_when_in_cart" time="0.701" /><testcase classname="backend.tests.test_cache_revalidation_and_integrity.TestProductDeletionIntegrity" name="test_product_deletion_blocked_when_in_orders" time="0.714" /><testcase classname="backend.tests.test_cache_revalidation_and_integrity.TestProductDeletionIntegrity" name="test_product_deletion_404_for_nonexistent" time="0.587" /><testcase classname="backend.tests.test_cache_revalidation_and_integrity.TestAdminProductsAPI" name="test_create_product" time="0.325" /><testcase classname="backend.tests.test_cache_revalidation_and_integrity.TestAdminProductsAPI" name="test_update_product" time="0.362" /><testcase classname="backend.tests.test_cache_revalidation_and_integrity.TestAdminProductsAPI" name="test_list_products" time="0.330" /><testcase classname="backend.tests.test_cache_revalidation_and_integrity.TestAdminGalleryAPI" name="test_create_gallery_item" time="0.350" /><testcase classname="backend.tests.test_cache_revalidation_and_integrity.TestAdminGalleryAPI" name="test_update_gallery_item" time="0.361" /><testcase classname="backend.tests.test_cache_revalidation_and_integrity.TestAdminGalleryAPI" name="test_delete_gallery_item" time="0.323" /><testcase classname="backend.tests.test_cache_revalidation_and_integrity.TestAdminGalleryAPI" name="test_list_gallery_items" time="0.312" /></testsuite></testsuites>