<?xml version="1.0" encoding="utf-8"?><testsuites name="pytest tests"><testsuite name="pytest" errors="0" failures="0" skipped="0" tests="20" time="5.575" timestamp="2026-02-08T04:15:53.531240+00:00" hostname="agent-env-27da9b10-5694-4efa-94ae-91972745834f"><testcase classname="backend.tests.test_admin_api.TestAdminAuth" name="test_admin_login_success" time="0.327" /><testcase classname="backend.tests.test_admin_api.TestAdminAuth" name="test_admin_login_invalid_username" time="0.043" /><testcase classname="backend.tests.test_admin_api.TestAdminAuth" name="test_admin_login_invalid_password" time="0.262" /><testcase classname="backend.tests.test_admin_api.TestAdminDashboard" name="test_dashboard_stats_endpoint" time="0.314" /><testcase classname="backend.tests.test_admin_api.TestAdminDashboard" name="test_dashboard_stats_unauthorized" time="0.043" /><testcase classname="backend.tests.test_admin_api.TestAdminSoldItems" name="test_sold_items_endpoint" time="0.319" /><testcase classname="backend.tests.test_admin_api.TestAdminSoldItems" name="test_sold_items_unauthorized" time="0.038" /><testcase classname="backend.tests.test_admin_api.TestAdminSettings" name="test_get_settings" time="0.321" /><testcase classname="backend.tests.test_admin_api.TestAdminSettings" name="test_update_settings" time="0.342" /><testcase classname="backend.tests.test_admin_api.TestAdminSettings" name="test_email_test_connection" time="0.317" /><testcase classname="backend.tests.test_admin_api.TestAdminProducts" name="test_get_products" time="0.292" /><testcase classname="backend.tests.test_admin_api.TestAdminProducts" name="test_create_and_delete_product" time="0.351" /><testcase classname="backend.tests.test_admin_api.TestAdminGallery" name="test_get_gallery" time="0.296" /><testcase classname="backend.tests.test_admin_api.TestAdminGallery" name="test_create_and_delete_gallery_item" time="0.341" /><testcase classname="backend.tests.test_admin_api.TestAdminInquiries" name="test_get_bookings" time="0.297" /><testcase classname="backend.tests.test_admin_api.TestAdminInquiries" name="test_get_product_inquiries" time="0.300" /><testcase classname="backend.tests.test_admin_api.TestAdminInquiries" name="test_get_sell_inquiries" time="0.301" /><testcase classname="backend.tests.test_admin_api.TestAdminInquiries" name="test_get_nyp_inquiries" time="0.322" /><testcase classname="backend.tests.test_admin_api.TestAdminInquiries" name="test_get_orders" time="0.314" /><testcase classname="backend.tests.test_admin_api.TestAdminInquiries" name="test_get_users" time="0.301" /></testsuite></testsuites>