<?xml version="1.0" encoding="utf-8"?><testsuites name="pytest tests"><testsuite name="pytest" errors="0" failures="0" skipped="0" tests="15" time="2.068" timestamp="2026-02-10T20:15:24.694453+00:00" hostname="agent-env-2a31403d-028e-4397-83f9-a6ab5abb8fdd"><testcase classname="backend.tests.test_dashboard_stats_parity.TestDashboardStatsParity" name="test_dashboard_stats_endpoint_accessible" time="0.370" /><testcase classname="backend.tests.test_dashboard_stats_parity.TestDashboardStatsParity" name="test_bookings_count_parity" time="0.083" /><testcase classname="backend.tests.test_dashboard_stats_parity.TestDashboardStatsParity" name="test_users_count_parity" time="0.089" /><testcase classname="backend.tests.test_dashboard_stats_parity.TestDashboardStatsParity" name="test_orders_count_parity" time="0.085" /><testcase classname="backend.tests.test_dashboard_stats_parity.TestDashboardStatsParity" name="test_sold_count_parity" time="0.121" /><testcase classname="backend.tests.test_dashboard_stats_parity.TestDashboardStatsParity" name="test_product_inquiries_count_parity" time="0.080" /><testcase classname="backend.tests.test_dashboard_stats_parity.TestDashboardStatsParity" name="test_sell_inquiries_count_parity" time="0.121" /><testcase classname="backend.tests.test_dashboard_stats_parity.TestDashboardStatsParity" name="test_nyp_inquiries_count_parity" time="0.080" /><testcase classname="backend.tests.test_dashboard_stats_parity.TestRecentActivityIncludesDeleted" name="test_bookings_include_deleted_returns_more_items" time="0.339" /><testcase classname="backend.tests.test_dashboard_stats_parity.TestRecentActivityIncludesDeleted" name="test_product_inquiries_include_deleted" time="0.084" /><testcase classname="backend.tests.test_dashboard_stats_parity.TestRecentActivityIncludesDeleted" name="test_sell_inquiries_include_deleted" time="0.082" /><testcase classname="backend.tests.test_dashboard_stats_parity.TestRecentActivityIncludesDeleted" name="test_orders_include_deleted" time="0.075" /><testcase classname="backend.tests.test_dashboard_stats_parity.TestPendingStatusDetection" name="test_bookings_have_status_field" time="0.317" /><testcase classname="backend.tests.test_dashboard_stats_parity.TestPendingStatusDetection" name="test_orders_have_status_field" time="0.038" /><testcase classname="backend.tests.test_dashboard_stats_parity.TestPendingStatusDetection" name="test_items_can_be_both_deleted_and_pending" time="0.038" /></testsuite></testsuites>