<?xml version="1.0" encoding="utf-8"?><testsuites name="pytest tests"><testsuite name="pytest" errors="0" failures="0" skipped="0" tests="9" time="2.011" timestamp="2026-02-10T21:46:21.655626+00:00" hostname="agent-env-2a31403d-028e-4397-83f9-a6ab5abb8fdd"><testcase classname="backend.tests.test_product_order_soft_delete.TestProductSoftDelete" name="test_soft_delete_unreferenced_product" time="0.453" /><testcase classname="backend.tests.test_product_order_soft_delete.TestProductSoftDelete" name="test_soft_delete_referenced_product_returns_correct_message" time="0.160" /><testcase classname="backend.tests.test_product_order_soft_delete.TestProductSoftDelete" name="test_hard_delete_referenced_product_returns_409" time="0.079" /><testcase classname="backend.tests.test_product_order_soft_delete.TestProductSoftDelete" name="test_restore_product" time="0.202" /><testcase classname="backend.tests.test_product_order_soft_delete.TestProductSoftDelete" name="test_include_deleted_returns_deleted_products" time="0.190" /><testcase classname="backend.tests.test_product_order_soft_delete.TestProductSoftDelete" name="test_public_products_excludes_deleted" time="0.186" /><testcase classname="backend.tests.test_product_order_soft_delete.TestOrderSoftDelete" name="test_delete_unpaid_pending_order_succeeds" time="0.420" /><testcase classname="backend.tests.test_product_order_soft_delete.TestOrderSoftDelete" name="test_delete_paid_order_returns_400" time="0.084" /><testcase classname="backend.tests.test_product_order_soft_delete.TestOrderSoftDelete" name="test_restore_deleted_order" time="0.157" /></testsuite></testsuites>