<?xml version="1.0" encoding="utf-8"?><testsuites name="pytest tests"><testsuite name="pytest" errors="0" failures="0" skipped="0" tests="9" time="0.560" timestamp="2026-02-10T19:17:55.488169+00:00" hostname="agent-env-2a31403d-028e-4397-83f9-a6ab5abb8fdd"><testcase classname="tests.test_forgot_password.TestForgotPasswordEndpoint" name="test_forgot_password_with_valid_email_format" time="0.085" /><testcase classname="tests.test_forgot_password.TestForgotPasswordEndpoint" name="test_forgot_password_with_nonexistent_email" time="0.041" /><testcase classname="tests.test_forgot_password.TestForgotPasswordEndpoint" name="test_forgot_password_missing_email_field" time="0.041" /><testcase classname="tests.test_forgot_password.TestForgotPasswordEndpoint" name="test_forgot_password_invalid_email_format" time="0.040" /><testcase classname="tests.test_forgot_password.TestForgotPasswordEndpoint" name="test_forgot_password_empty_email" time="0.042" /><testcase classname="tests.test_forgot_password.TestForgotPasswordEndpoint" name="test_forgot_password_idempotent" time="0.080" /><testcase classname="tests.test_forgot_password.TestResetPasswordEndpoint" name="test_reset_password_invalid_token" time="0.040" /><testcase classname="tests.test_forgot_password.TestResetPasswordEndpoint" name="test_reset_password_missing_token" time="0.042" /><testcase classname="tests.test_forgot_password.TestResetPasswordEndpoint" name="test_reset_password_missing_password" time="0.042" /></testsuite></testsuites>